[15:36:40] [Server thread/INFO]: Starting minecraft server version 1.15.2
[15:36:40] [Server thread/INFO]: Loading properties
[15:36:40] [Server thread/INFO]: Default game type: SURVIVAL
[15:36:40] [Server thread/INFO]: Generating keypair
[15:36:40] [Server thread/INFO]: Starting Minecraft server on *:25565
[15:36:40] [Server thread/INFO]: Using default channel type
[15:36:42] [Server thread/INFO]: This server is running CraftBukkit version git-Bukkit-8160e29 (MC: 1.15.2) (Implementing API version 1.15.2-R0.1-SNAPSHOT)
[15:36:42] [Server thread/WARN]: **** SERVER IS RUNNING IN OFFLINE/INSECURE MODE!
[15:36:42] [Server thread/WARN]: The server will make no attempt to authenticate usernames. Beware.
[15:36:42] [Server thread/WARN]: While this makes the game possible to play without internet access, it also opens up the ability for hackers to connect with any username they choose.
[15:36:42] [Server thread/WARN]: To change this, set "online-mode" to "true" in the server.properties file.
[15:36:42] [Server thread/INFO]: Preparing level "world"
[15:36:43] [Server thread/INFO]: Reloading ResourceManager: Default, bukkit
[15:36:44] [Server thread/INFO]: Loaded 6 recipes
[15:36:46] [Server thread/INFO]: Preparing start region for dimension 'world'/minecraft:overworld
[15:36:49] [Server thread/INFO]: Preparing spawn area: 0%
[15:36:49] [Server thread/INFO]: Preparing spawn area: 0%
[15:36:49] [Server thread/INFO]: Preparing spawn area: 0%
[15:36:49] [Server thread/INFO]: Preparing spawn area: 0%
[15:36:49] [Server thread/INFO]: Preparing spawn area: 0%
[15:36:49] [Server thread/INFO]: Preparing spawn area: 0%
[15:36:49] [Server thread/INFO]: Preparing spawn area: 0%
[15:37:02] [Server-Worker-2/INFO]: Preparing spawn area: 0%
[15:37:02] [Server-Worker-2/INFO]: Preparing spawn area: 0%
[15:37:02] [Server-Worker-2/INFO]: Preparing spawn area: 0%
[15:37:02] [Server-Worker-2/INFO]: Preparing spawn area: 0%
[15:37:02] [Server-Worker-2/INFO]: Preparing spawn area: 0%
[15:37:02] [Server-Worker-2/INFO]: Preparing spawn area: 0%
[15:37:02] [Server-Worker-3/INFO]: Preparing spawn area: 0%
[15:37:02] [Server-Worker-3/INFO]: Preparing spawn area: 0%
[15:37:02] [Server-Worker-2/INFO]: Preparing spawn area: 0%
[15:37:02] [Server-Worker-2/INFO]: Preparing spawn area: 0%
[15:37:02] [Server-Worker-2/INFO]: Preparing spawn area: 0%
[15:37:02] [Server-Worker-2/INFO]: Preparing spawn area: 0%
[15:37:02] [Server-Worker-2/INFO]: Preparing spawn area: 0%
[15:37:02] [Server-Worker-2/INFO]: Preparing spawn area: 0%
[15:37:02] [Server-Worker-2/INFO]: Preparing spawn area: 0%
[15:37:02] [Server-Worker-2/INFO]: Preparing spawn area: 0%
[15:37:02] [Server-Worker-2/INFO]: Preparing spawn area: 0%
[15:37:02] [Server-Worker-2/INFO]: Preparing spawn area: 0%
[15:37:02] [Server-Worker-2/INFO]: Preparing spawn area: 0%
[15:37:02] [Server-Worker-2/INFO]: Preparing spawn area: 0%
[15:37:02] [Server-Worker-2/INFO]: Preparing spawn area: 0%
[15:37:02] [Server-Worker-2/INFO]: Preparing spawn area: 0%
[15:37:02] [Server-Worker-2/INFO]: Preparing spawn area: 0%
[15:37:02] [Server-Worker-2/INFO]: Preparing spawn area: 0%
[15:37:02] [Server-Worker-2/INFO]: Preparing spawn area: 0%
[15:37:02] [Server thread/INFO]: Preparing spawn area: 1%
[15:37:03] [Server thread/INFO]: Time elapsed: 16378 ms
[15:37:03] [Server thread/INFO]: Preparing start region for dimension 'world_nether'/minecraft:the_nether
[15:37:04] [Server thread/INFO]: Preparing spawn area: 0%
[15:37:04] [Server thread/INFO]: Preparing spawn area: 0%
[15:37:04] [Server-Worker-3/INFO]: Preparing spawn area: 0%
[15:37:04] [Server thread/INFO]: Time elapsed: 1274 ms
[15:37:04] [Server thread/INFO]: Preparing start region for dimension 'world_the_end'/minecraft:the_end
[15:37:04] [Server thread/INFO]: Preparing spawn area: 0%
[15:37:05] [Server-Worker-3/INFO]: Preparing spawn area: 83%
[15:37:05] [Server-Worker-1/INFO]: Preparing spawn area: 83%
[15:37:06] [Server-Worker-3/INFO]: Preparing spawn area: 93%
[15:37:06] [Server thread/INFO]: Time elapsed: 1692 ms
[15:37:06] [Server thread/INFO]: Server permissions file permissions.yml is empty, ignoring it
[15:37:06] [Server thread/INFO]: Done (23.486s)! For help, type "help"
[15:39:58] [Server thread/INFO]: alexandremm[/191.248.163.19:50206] logged in with entity id 102 at ([world]-1007.3313174926186, 67.9375, -1498.546577484591)
[15:40:00] [Server thread/INFO]: alexfx1[/191.31.128.71:54730] logged in with entity id 314 at ([world]-978.3000000119209, 63.0, -1385.4691058862586)
[15:40:22] [Server thread/INFO]: alexfx1 lost connection: Disconnected
[15:40:22] [Server thread/INFO]: alexfx1 left the game
[15:40:23] [Server thread/INFO]: alexandremm lost connection: Disconnected
[15:40:23] [Server thread/INFO]: alexandremm left the game
[15:40:30] [Server thread/INFO]: Stopping server
[15:40:30] [Server thread/INFO]: Saving players
[15:40:31] [Server thread/INFO]: Saving worlds
[15:40:31] [Server thread/INFO]: Saving chunks for level 'world'/minecraft:overworld
[15:40:31] [Server thread/INFO]: ThreadedAnvilChunkStorage (world): All chunks are saved
[15:40:31] [Server thread/INFO]: Saving chunks for level 'world_nether'/minecraft:the_nether
[15:40:32] [Server thread/INFO]: ThreadedAnvilChunkStorage (DIM-1): All chunks are saved
[15:40:32] [Server thread/INFO]: Saving chunks for level 'world_the_end'/minecraft:the_end
[15:40:33] [Server thread/INFO]: ThreadedAnvilChunkStorage (DIM1): All chunks are saved
[15:40:33] [Server thread/INFO]: ThreadedAnvilChunkStorage (world): All chunks are saved
